<?xml version="1.0" encoding="UTF-8" ?>
<testsuite errors="0" failures="0" hostname="MacBook-Pro-de-Yanina.local" name="futbol5.CanchaControllerSpec" tests="3" time="3.157" timestamp="2015-06-08T21:21:00">
  <properties />
  <testcase classname="futbol5.CanchaControllerSpec" name="listado de canchas" time="3.044" />
  <testcase classname="futbol5.CanchaControllerSpec" name="crear cancha" time="0.051" />
  <testcase classname="futbol5.CanchaControllerSpec" name="borrar cancha" time="0.033" />
  <system-out><![CDATA[--Output from listado de canchas--
--Output from crear cancha--
--Output from borrar cancha--
]]></system-out>
  <system-err><![CDATA[--Output from listado de canchas--
--Output from crear cancha--
--Output from borrar cancha--
]]></system-err>
</testsuite>
