<?xml version="1.0" encoding="UTF-8" ?>
<testsuite errors="0" failures="0" hostname="Proyectos-PC" name="futbol5.CanchaSpec" tests="1" time="1.743" timestamp="2015-04-26T22:51:24">
  <properties />
  <testcase classname="futbol5.CanchaSpec" name="Ningun dato de la cancha puede ser nulo" time="1.713" />
  <system-out><![CDATA[--Output from Ningun dato de la cancha puede ser nulo--
]]></system-out>
  <system-err><![CDATA[--Output from Ningun dato de la cancha puede ser nulo--
]]></system-err>
</testsuite>
