<?xml version="1.0" encoding="UTF-8" ?>
<testsuite errors="0" failures="0" hostname="MacBook-Pro-de-Yanina.local" name="futbol5.CanchaControllerSpec" tests="3" time="2.934" timestamp="2015-05-04T21:03:33">
  <properties />
  <testcase classname="futbol5.CanchaControllerSpec" name="listado de canchas" time="2.819" />
  <testcase classname="futbol5.CanchaControllerSpec" name="crear cancha" time="0.06" />
  <testcase classname="futbol5.CanchaControllerSpec" name="borrar cancha" time="0.029" />
  <system-out><![CDATA[--Output from listado de canchas--
--Output from crear cancha--
--Output from borrar cancha--
]]></system-out>
  <system-err><![CDATA[--Output from listado de canchas--
--Output from crear cancha--
--Output from borrar cancha--
]]></system-err>
</testsuite>
