<?xml version="1.0" encoding="UTF-8" ?>
<testsuite errors="1" failures="0" hostname="Proyectos-PC" name="futbol5.CanchaControllerSpec" tests="1" time="6.321" timestamp="2015-05-04T02:39:58">
  <properties />
  <testcase classname="futbol5.CanchaControllerSpec" name="listado de canchas" time="6.267">
    <error message="No signature of method: futbol5.CanchaControllerSpec.$() is applicable for argument types: (futbol5.CanchaControllerSpec$_spock_feature_0_0_closure1_closure3) values: [futbol5.CanchaControllerSpec$_spock_feature_0_0_closure1_closure3@111620a]&#xa;Possible solutions: is(java.lang.Object), Spy(), any(), Spy(groovy.lang.Closure), Spy(java.lang.Class), Spy(java.util.Map)" type="groovy.lang.MissingMethodException">groovy.lang.MissingMethodException: No signature of method: futbol5.CanchaControllerSpec.$() is applicable for argument types: (futbol5.CanchaControllerSpec$_spock_feature_0_0_closure1_closure3) values: [futbol5.CanchaControllerSpec$_spock_feature_0_0_closure1_closure3@111620a]
Possible solutions: is(java.lang.Object), Spy(), any(), Spy(groovy.lang.Closure), Spy(java.lang.Class), Spy(java.util.Map)
	at futbol5.CanchaControllerSpec.listado de canchas_closure1(CanchaControllerSpec.groovy:25)
	at futbol5.CanchaControllerSpec.listado de canchas(CanchaControllerSpec.groovy:20)
</error>
  </testcase>
  <system-out><![CDATA[--Output from listado de canchas--
]]></system-out>
  <system-err><![CDATA[--Output from listado de canchas--
]]></system-err>
</testsuite>
